<?xml version="1.0" encoding="UTF-8"?>
<testsuite name="id.ac.ui.cs.advprog.bidmart.catalog.service.CategoryServiceImplTest" tests="10" skipped="0" failures="0" errors="0" timestamp="2026-05-11T15:08:14.480Z" hostname="Nail" time="0.283">
  <properties/>
  <testcase name="create_Success()" classname="id.ac.ui.cs.advprog.bidmart.catalog.service.CategoryServiceImplTest" time="0.188"/>
  <testcase name="findById_NotFound()" classname="id.ac.ui.cs.advprog.bidmart.catalog.service.CategoryServiceImplTest" time="0.043"/>
  <testcase name="delete_HasChildren()" classname="id.ac.ui.cs.advprog.bidmart.catalog.service.CategoryServiceImplTest" time="0.006"/>
  <testcase name="delete_Success()" classname="id.ac.ui.cs.advprog.bidmart.catalog.service.CategoryServiceImplTest" time="0.005"/>
  <testcase name="findRoots()" classname="id.ac.ui.cs.advprog.bidmart.catalog.service.CategoryServiceImplTest" time="0.013"/>
  <testcase name="delete_NotFound()" classname="id.ac.ui.cs.advprog.bidmart.catalog.service.CategoryServiceImplTest" time="0.004"/>
  <testcase name="create_ParentNotFound()" classname="id.ac.ui.cs.advprog.bidmart.catalog.service.CategoryServiceImplTest" time="0.005"/>
  <testcase name="create_SlugConflict()" classname="id.ac.ui.cs.advprog.bidmart.catalog.service.CategoryServiceImplTest" time="0.002"/>
  <testcase name="create_WithParent_Success()" classname="id.ac.ui.cs.advprog.bidmart.catalog.service.CategoryServiceImplTest" time="0.004"/>
  <testcase name="findById_Success()" classname="id.ac.ui.cs.advprog.bidmart.catalog.service.CategoryServiceImplTest" time="0.003"/>
  <system-out><![CDATA[]]></system-out>
  <system-err><![CDATA[]]></system-err>
</testsuite>
