<?xml version="1.0" encoding="UTF-8"?>
<testsuite name="id.ac.ui.cs.advprog.bidmart.catalog.controller.SellerListingControllerTest" tests="6" skipped="0" failures="0" errors="0" timestamp="2026-05-11T15:08:13.993Z" hostname="Nail" time="0.032">
  <properties/>
  <testcase name="activate()" classname="id.ac.ui.cs.advprog.bidmart.catalog.controller.SellerListingControllerTest" time="0.005"/>
  <testcase name="cancel()" classname="id.ac.ui.cs.advprog.bidmart.catalog.controller.SellerListingControllerTest" time="0.004"/>
  <testcase name="create()" classname="id.ac.ui.cs.advprog.bidmart.catalog.controller.SellerListingControllerTest" time="0.004"/>
  <testcase name="delete()" classname="id.ac.ui.cs.advprog.bidmart.catalog.controller.SellerListingControllerTest" time="0.004"/>
  <testcase name="edit()" classname="id.ac.ui.cs.advprog.bidmart.catalog.controller.SellerListingControllerTest" time="0.003"/>
  <testcase name="myListings()" classname="id.ac.ui.cs.advprog.bidmart.catalog.controller.SellerListingControllerTest" time="0.002"/>
  <system-out><![CDATA[]]></system-out>
  <system-err><![CDATA[]]></system-err>
</testsuite>
