<?xml version="1.0" encoding="UTF-8"?>
<testsuite name="id.ac.ui.cs.advprog.bidmart.catalog.controller.BidSyncControllerTest" tests="2" skipped="0" failures="0" errors="0" timestamp="2026-05-11T15:08:12.268Z" hostname="Nail" time="0.266">
  <properties/>
  <testcase name="validateForBid()" classname="id.ac.ui.cs.advprog.bidmart.catalog.controller.BidSyncControllerTest" time="0.189"/>
  <testcase name="syncPrice()" classname="id.ac.ui.cs.advprog.bidmart.catalog.controller.BidSyncControllerTest" time="0.072"/>
  <system-out><![CDATA[]]></system-out>
  <system-err><![CDATA[]]></system-err>
</testsuite>
