<?xml version="1.0" encoding="UTF-8"?>
<testsuite name="id.ac.ui.cs.advprog.bidmart.catalog.controller.AdminModerationControllerTest" tests="3" skipped="0" failures="0" errors="0" timestamp="2026-05-11T15:08:11.288Z" hostname="Nail" time="0.914">
  <properties/>
  <testcase name="findAll()" classname="id.ac.ui.cs.advprog.bidmart.catalog.controller.AdminModerationControllerTest" time="0.532"/>
  <testcase name="findById()" classname="id.ac.ui.cs.advprog.bidmart.catalog.controller.AdminModerationControllerTest" time="0.286"/>
  <testcase name="moderate()" classname="id.ac.ui.cs.advprog.bidmart.catalog.controller.AdminModerationControllerTest" time="0.088"/>
  <system-out><![CDATA[]]></system-out>
  <system-err><![CDATA[]]></system-err>
</testsuite>
