<?xml version="1.0" encoding="UTF-8"?>
<testsuite name="id.ac.ui.cs.advprog.bidmart.catalog.dto.CatalogDtoTest" tests="4" skipped="0" failures="0" errors="0" timestamp="2026-05-11T15:08:14.026Z" hostname="Nail" time="0.013">
  <properties/>
  <testcase name="testListingSummaryResponse()" classname="id.ac.ui.cs.advprog.bidmart.catalog.dto.CatalogDtoTest" time="0.002"/>
  <testcase name="testUpdateListingRequest()" classname="id.ac.ui.cs.advprog.bidmart.catalog.dto.CatalogDtoTest" time="0.002"/>
  <testcase name="testListingDetailResponse()" classname="id.ac.ui.cs.advprog.bidmart.catalog.dto.CatalogDtoTest" time="0.005"/>
  <testcase name="testCreateListingRequest()" classname="id.ac.ui.cs.advprog.bidmart.catalog.dto.CatalogDtoTest" time="0.002"/>
  <system-out><![CDATA[]]></system-out>
  <system-err><![CDATA[]]></system-err>
</testsuite>
